[  256341ms] [ERROR] ./src/lib/algorithm/loop-generator.ts:6:1
Export elementsToWaypoints doesn't exist in target module
  4 | ...rt type { PipelineResult } from "./route-pipeline";
  5 | ...rt { radiusBBox } from "@/lib/geo/bbox";
> 6 | ...rt { buildOverpassQuery, elementsToWaypoints } from "./overpass-que...
    |    ^^^^^^^^^^^^^^^^^^^^^^^^^^^^^^^^^^^^^^^^^^^^^^^^^^^^^^^^^^^^^^^^^^^^^^
  7 | ...rt { orderWaypointsRadial } from "./waypoint-ordering";
  8 | ...rt { queryOverpass } from "@/lib/api/overpass";
  9 | ...rt { getDirections } from "@/lib/api/mapbox-directions";

The export elementsToWaypoints was not found in module [project]/src/lib/algorithm/overpass-query.ts [app-client] (ecmascript).
Did you mean to import parsePathGeometries?
All exports of the module are statically known (It doesn't have dynamic exports). So it's known statically that the requested export doesn't exist.

Import traces:
  Client Component Browser:
    ./src/lib/algorithm/loop-generator.ts [Client Component Browser]
    ./src/store/route-slice.ts [Client Component Browser]
    ./src/store/index.ts [Client Component Browser]
    ./src/components/MapView.tsx [Client Component Browser]
    ./src/components/MapView.tsx [Server Component]
    ./src/app/page.tsx [Server Component]

  Client Component SSR:
    ./src/lib/algorithm/loop-generator.ts [Client Component SSR]
    ./src/store/route-slice.ts [Client Component SSR]
    ./src/store/index.ts [Client Component SSR]
    ./src/components/MapView.tsx [Client Component SSR]
    ./src/components/MapView.tsx [Server Component]
    ./src/app/page.tsx [Server Component] @ http://localhost:3000/_next/static/chunks/node_modules_next_dist_115brz8._.js:3272
[  256341ms] [ERROR] ./src/lib/algorithm/loop-generator.ts:6:1
Export elementsToWaypoints doesn't exist in target module
  4 | ...rt type { PipelineResult } from "./route-pipeline";
  5 | ...rt { radiusBBox } from "@/lib/geo/bbox";
> 6 | ...rt { buildOverpassQuery, elementsToWaypoints } from "./overpass-que...
    |    ^^^^^^^^^^^^^^^^^^^^^^^^^^^^^^^^^^^^^^^^^^^^^^^^^^^^^^^^^^^^^^^^^^^^^^
  7 | ...rt { orderWaypointsRadial } from "./waypoint-ordering";
  8 | ...rt { queryOverpass } from "@/lib/api/overpass";
  9 | ...rt { getDirections } from "@/lib/api/mapbox-directions";

The export elementsToWaypoints was not found in module [project]/src/lib/algorithm/overpass-query.ts [app-ssr] (ecmascript).
Did you mean to import parsePathGeometries?
All exports of the module are statically known (It doesn't have dynamic exports). So it's known statically that the requested export doesn't exist.

Import traces:
  Client Component Browser:
    ./src/lib/algorithm/loop-generator.ts [Client Component Browser]
    ./src/store/route-slice.ts [Client Component Browser]
    ./src/store/index.ts [Client Component Browser]
    ./src/components/MapView.tsx [Client Component Browser]
    ./src/components/MapView.tsx [Server Component]
    ./src/app/page.tsx [Server Component]

  Client Component SSR:
    ./src/lib/algorithm/loop-generator.ts [Client Component SSR]
    ./src/store/route-slice.ts [Client Component SSR]
    ./src/store/index.ts [Client Component SSR]
    ./src/components/MapView.tsx [Client Component SSR]
    ./src/components/MapView.tsx [Server Component]
    ./src/app/page.tsx [Server Component] @ http://localhost:3000/_next/static/chunks/node_modules_next_dist_115brz8._.js:3272
[  256341ms] [ERROR] ./src/lib/algorithm/route-pipeline.ts:5:1
Export elementsToWaypoints doesn't exist in target module
  3 | ...rt type { ScoredWaypoint } from "./types";
  4 | ...rt { createCorridor } from "./corridor";
> 5 | ...rt { buildOverpassQuery, elementsToWaypoints } from "./overpass-que...
    |    ^^^^^^^^^^^^^^^^^^^^^^^^^^^^^^^^^^^^^^^^^^^^^^^^^^^^^^^^^^^^^^^^^^^^^^
  6 | ...rt { selectWaypoints } from "./waypoint-selection";
  7 | ...rt { orderWaypointsLinear } from "./waypoint-ordering";
  8 | ...rt { queryOverpass } from "@/lib/api/overpass";

The export elementsToWaypoints was not found in module [project]/src/lib/algorithm/overpass-query.ts [app-client] (ecmascript).
Did you mean to import parsePathGeometries?
All exports of the module are statically known (It doesn't have dynamic exports). So it's known statically that the requested export doesn't exist.

Import traces:
  Client Component Browser:
    ./src/lib/algorithm/route-pipeline.ts [Client Component Browser]
    ./src/store/route-slice.ts [Client Component Browser]
    ./src/store/index.ts [Client Component Browser]
    ./src/components/MapView.tsx [Client Component Browser]
    ./src/components/MapView.tsx [Server Component]
    ./src/app/page.tsx [Server Component]

  Client Component SSR:
    ./src/lib/algorithm/route-pipeline.ts [Client Component SSR]
    ./src/store/route-slice.ts [Client Component SSR]
    ./src/store/index.ts [Client Component SSR]
    ./src/components/MapView.tsx [Client Component SSR]
    ./src/components/MapView.tsx [Server Component]
    ./src/app/page.tsx [Server Component] @ http://localhost:3000/_next/static/chunks/node_modules_next_dist_115brz8._.js:3272
[  256341ms] [ERROR] ./src/lib/algorithm/route-pipeline.ts:5:1
Export elementsToWaypoints doesn't exist in target module
  3 | ...rt type { ScoredWaypoint } from "./types";
  4 | ...rt { createCorridor } from "./corridor";
> 5 | ...rt { buildOverpassQuery, elementsToWaypoints } from "./overpass-que...
    |    ^^^^^^^^^^^^^^^^^^^^^^^^^^^^^^^^^^^^^^^^^^^^^^^^^^^^^^^^^^^^^^^^^^^^^^
  6 | ...rt { selectWaypoints } from "./waypoint-selection";
  7 | ...rt { orderWaypointsLinear } from "./waypoint-ordering";
  8 | ...rt { queryOverpass } from "@/lib/api/overpass";

The export elementsToWaypoints was not found in module [project]/src/lib/algorithm/overpass-query.ts [app-ssr] (ecmascript).
Did you mean to import parsePathGeometries?
All exports of the module are statically known (It doesn't have dynamic exports). So it's known statically that the requested export doesn't exist.

Import traces:
  Client Component Browser:
    ./src/lib/algorithm/route-pipeline.ts [Client Component Browser]
    ./src/store/route-slice.ts [Client Component Browser]
    ./src/store/index.ts [Client Component Browser]
    ./src/components/MapView.tsx [Client Component Browser]
    ./src/components/MapView.tsx [Server Component]
    ./src/app/page.tsx [Server Component]

  Client Component SSR:
    ./src/lib/algorithm/route-pipeline.ts [Client Component SSR]
    ./src/store/route-slice.ts [Client Component SSR]
    ./src/store/index.ts [Client Component SSR]
    ./src/components/MapView.tsx [Client Component SSR]
    ./src/components/MapView.tsx [Server Component]
    ./src/app/page.tsx [Server Component] @ http://localhost:3000/_next/static/chunks/node_modules_next_dist_115brz8._.js:3272
[  256419ms] [ERROR] ./src/lib/algorithm/loop-generator.ts:6:1
Export elementsToWaypoints doesn't exist in target module
  4 | ...rt type { PipelineResult } from "./route-pipeline";
  5 | ...rt { radiusBBox } from "@/lib/geo/bbox";
> 6 | ...rt { buildOverpassQuery, elementsToWaypoints } from "./overpass-que...
    |    ^^^^^^^^^^^^^^^^^^^^^^^^^^^^^^^^^^^^^^^^^^^^^^^^^^^^^^^^^^^^^^^^^^^^^^
  7 | ...rt { orderWaypointsRadial } from "./waypoint-ordering";
  8 | ...rt { queryOverpass } from "@/lib/api/overpass";
  9 | ...rt { getDirections } from "@/lib/api/mapbox-directions";

The export elementsToWaypoints was not found in module [project]/src/lib/algorithm/overpass-query.ts [app-client] (ecmascript).
Did you mean to import parsePathGeometries?
All exports of the module are statically known (It doesn't have dynamic exports). So it's known statically that the requested export doesn't exist.

Import traces:
  Client Component Browser:
    ./src/lib/algorithm/loop-generator.ts [Client Component Browser]
    ./src/store/route-slice.ts [Client Component Browser]
    ./src/store/index.ts [Client Component Browser]
    ./src/components/MapView.tsx [Client Component Browser]
    ./src/components/MapView.tsx [Server Component]
    ./src/app/page.tsx [Server Component]

  Client Component SSR:
    ./src/lib/algorithm/loop-generator.ts [Client Component SSR]
    ./src/store/route-slice.ts [Client Component SSR]
    ./src/store/index.ts [Client Component SSR]
    ./src/components/MapView.tsx [Client Component SSR]
    ./src/components/MapView.tsx [Server Component]
    ./src/app/page.tsx [Server Component] @ http://localhost:3000/_next/static/chunks/node_modules_next_dist_115brz8._.js:3272
[  256420ms] [ERROR] ./src/lib/algorithm/loop-generator.ts:6:1
Export elementsToWaypoints doesn't exist in target module
  4 | ...rt type { PipelineResult } from "./route-pipeline";
  5 | ...rt { radiusBBox } from "@/lib/geo/bbox";
> 6 | ...rt { buildOverpassQuery, elementsToWaypoints } from "./overpass-que...
    |    ^^^^^^^^^^^^^^^^^^^^^^^^^^^^^^^^^^^^^^^^^^^^^^^^^^^^^^^^^^^^^^^^^^^^^^
  7 | ...rt { orderWaypointsRadial } from "./waypoint-ordering";
  8 | ...rt { queryOverpass } from "@/lib/api/overpass";
  9 | ...rt { getDirections } from "@/lib/api/mapbox-directions";

The export elementsToWaypoints was not found in module [project]/src/lib/algorithm/overpass-query.ts [app-ssr] (ecmascript).
Did you mean to import parsePathGeometries?
All exports of the module are statically known (It doesn't have dynamic exports). So it's known statically that the requested export doesn't exist.

Import traces:
  Client Component Browser:
    ./src/lib/algorithm/loop-generator.ts [Client Component Browser]
    ./src/store/route-slice.ts [Client Component Browser]
    ./src/store/index.ts [Client Component Browser]
    ./src/components/MapView.tsx [Client Component Browser]
    ./src/components/MapView.tsx [Server Component]
    ./src/app/page.tsx [Server Component]

  Client Component SSR:
    ./src/lib/algorithm/loop-generator.ts [Client Component SSR]
    ./src/store/route-slice.ts [Client Component SSR]
    ./src/store/index.ts [Client Component SSR]
    ./src/components/MapView.tsx [Client Component SSR]
    ./src/components/MapView.tsx [Server Component]
    ./src/app/page.tsx [Server Component] @ http://localhost:3000/_next/static/chunks/node_modules_next_dist_115brz8._.js:3272
[  256420ms] [ERROR] ./src/lib/algorithm/route-pipeline.ts:5:1
Export elementsToWaypoints doesn't exist in target module
  3 | ...rt type { ScoredWaypoint } from "./types";
  4 | ...rt { createCorridor } from "./corridor";
> 5 | ...rt { buildOverpassQuery, elementsToWaypoints } from "./overpass-que...
    |    ^^^^^^^^^^^^^^^^^^^^^^^^^^^^^^^^^^^^^^^^^^^^^^^^^^^^^^^^^^^^^^^^^^^^^^
  6 | ...rt { selectWaypoints } from "./waypoint-selection";
  7 | ...rt { orderWaypointsLinear } from "./waypoint-ordering";
  8 | ...rt { queryOverpass } from "@/lib/api/overpass";

The export elementsToWaypoints was not found in module [project]/src/lib/algorithm/overpass-query.ts [app-client] (ecmascript).
Did you mean to import parsePathGeometries?
All exports of the module are statically known (It doesn't have dynamic exports). So it's known statically that the requested export doesn't exist.

Import traces:
  Client Component Browser:
    ./src/lib/algorithm/route-pipeline.ts [Client Component Browser]
    ./src/store/route-slice.ts [Client Component Browser]
    ./src/store/index.ts [Client Component Browser]
    ./src/components/MapView.tsx [Client Component Browser]
    ./src/components/MapView.tsx [Server Component]
    ./src/app/page.tsx [Server Component]

  Client Component SSR:
    ./src/lib/algorithm/route-pipeline.ts [Client Component SSR]
    ./src/store/route-slice.ts [Client Component SSR]
    ./src/store/index.ts [Client Component SSR]
    ./src/components/MapView.tsx [Client Component SSR]
    ./src/components/MapView.tsx [Server Component]
    ./src/app/page.tsx [Server Component] @ http://localhost:3000/_next/static/chunks/node_modules_next_dist_115brz8._.js:3272
[  256420ms] [ERROR] ./src/lib/algorithm/route-pipeline.ts:5:1
Export elementsToWaypoints doesn't exist in target module
  3 | ...rt type { ScoredWaypoint } from "./types";
  4 | ...rt { createCorridor } from "./corridor";
> 5 | ...rt { buildOverpassQuery, elementsToWaypoints } from "./overpass-que...
    |    ^^^^^^^^^^^^^^^^^^^^^^^^^^^^^^^^^^^^^^^^^^^^^^^^^^^^^^^^^^^^^^^^^^^^^^
  6 | ...rt { selectWaypoints } from "./waypoint-selection";
  7 | ...rt { orderWaypointsLinear } from "./waypoint-ordering";
  8 | ...rt { queryOverpass } from "@/lib/api/overpass";

The export elementsToWaypoints was not found in module [project]/src/lib/algorithm/overpass-query.ts [app-ssr] (ecmascript).
Did you mean to import parsePathGeometries?
All exports of the module are statically known (It doesn't have dynamic exports). So it's known statically that the requested export doesn't exist.

Import traces:
  Client Component Browser:
    ./src/lib/algorithm/route-pipeline.ts [Client Component Browser]
    ./src/store/route-slice.ts [Client Component Browser]
    ./src/store/index.ts [Client Component Browser]
    ./src/components/MapView.tsx [Client Component Browser]
    ./src/components/MapView.tsx [Server Component]
    ./src/app/page.tsx [Server Component]

  Client Component SSR:
    ./src/lib/algorithm/route-pipeline.ts [Client Component SSR]
    ./src/store/route-slice.ts [Client Component SSR]
    ./src/store/index.ts [Client Component SSR]
    ./src/components/MapView.tsx [Client Component SSR]
    ./src/components/MapView.tsx [Server Component]
    ./src/app/page.tsx [Server Component] @ http://localhost:3000/_next/static/chunks/node_modules_next_dist_115brz8._.js:3272
[  299276ms] [ERROR] ./src/lib/algorithm/loop-generator.ts:6:1
Export elementsToWaypoints doesn't exist in target module
  4 | ...rt type { PipelineResult } from "./route-pipeline";
  5 | ...rt { radiusBBox } from "@/lib/geo/bbox";
> 6 | ...rt { buildOverpassQuery, elementsToWaypoints } from "./overpass-que...
    |    ^^^^^^^^^^^^^^^^^^^^^^^^^^^^^^^^^^^^^^^^^^^^^^^^^^^^^^^^^^^^^^^^^^^^^^
  7 | ...rt { orderWaypointsRadial } from "./waypoint-ordering";
  8 | ...rt { queryOverpass } from "@/lib/api/overpass";
  9 | ...rt { getDirections } from "@/lib/api/mapbox-directions";

The export elementsToWaypoints was not found in module [project]/src/lib/algorithm/overpass-query.ts [app-client] (ecmascript).
Did you mean to import parsePathGeometries?
All exports of the module are statically known (It doesn't have dynamic exports). So it's known statically that the requested export doesn't exist.

Import traces:
  Client Component Browser:
    ./src/lib/algorithm/loop-generator.ts [Client Component Browser]
    ./src/store/route-slice.ts [Client Component Browser]
    ./src/store/index.ts [Client Component Browser]
    ./src/components/MapView.tsx [Client Component Browser]
    ./src/components/MapView.tsx [Server Component]
    ./src/app/page.tsx [Server Component]

  Client Component SSR:
    ./src/lib/algorithm/loop-generator.ts [Client Component SSR]
    ./src/store/route-slice.ts [Client Component SSR]
    ./src/store/index.ts [Client Component SSR]
    ./src/components/MapView.tsx [Client Component SSR]
    ./src/components/MapView.tsx [Server Component]
    ./src/app/page.tsx [Server Component] @ http://localhost:3000/_next/static/chunks/node_modules_next_dist_115brz8._.js:3272
[  299276ms] [ERROR] ./src/lib/algorithm/loop-generator.ts:6:1
Export elementsToWaypoints doesn't exist in target module
  4 | ...rt type { PipelineResult } from "./route-pipeline";
  5 | ...rt { radiusBBox } from "@/lib/geo/bbox";
> 6 | ...rt { buildOverpassQuery, elementsToWaypoints } from "./overpass-que...
    |    ^^^^^^^^^^^^^^^^^^^^^^^^^^^^^^^^^^^^^^^^^^^^^^^^^^^^^^^^^^^^^^^^^^^^^^
  7 | ...rt { orderWaypointsRadial } from "./waypoint-ordering";
  8 | ...rt { queryOverpass } from "@/lib/api/overpass";
  9 | ...rt { getDirections } from "@/lib/api/mapbox-directions";

The export elementsToWaypoints was not found in module [project]/src/lib/algorithm/overpass-query.ts [app-ssr] (ecmascript).
Did you mean to import parsePathGeometries?
All exports of the module are statically known (It doesn't have dynamic exports). So it's known statically that the requested export doesn't exist.

Import traces:
  Client Component Browser:
    ./src/lib/algorithm/loop-generator.ts [Client Component Browser]
    ./src/store/route-slice.ts [Client Component Browser]
    ./src/store/index.ts [Client Component Browser]
    ./src/components/MapView.tsx [Client Component Browser]
    ./src/components/MapView.tsx [Server Component]
    ./src/app/page.tsx [Server Component]

  Client Component SSR:
    ./src/lib/algorithm/loop-generator.ts [Client Component SSR]
    ./src/store/route-slice.ts [Client Component SSR]
    ./src/store/index.ts [Client Component SSR]
    ./src/components/MapView.tsx [Client Component SSR]
    ./src/components/MapView.tsx [Server Component]
    ./src/app/page.tsx [Server Component] @ http://localhost:3000/_next/static/chunks/node_modules_next_dist_115brz8._.js:3272
[  299276ms] [ERROR] ./src/lib/algorithm/route-pipeline.ts:5:1
Export elementsToWaypoints doesn't exist in target module
  3 | ...rt type { ScoredWaypoint } from "./types";
  4 | ...rt { createCorridor } from "./corridor";
> 5 | ...rt { buildOverpassQuery, elementsToWaypoints } from "./overpass-que...
    |    ^^^^^^^^^^^^^^^^^^^^^^^^^^^^^^^^^^^^^^^^^^^^^^^^^^^^^^^^^^^^^^^^^^^^^^
  6 | ...rt { selectWaypoints } from "./waypoint-selection";
  7 | ...rt { orderWaypointsLinear } from "./waypoint-ordering";
  8 | ...rt { queryOverpass } from "@/lib/api/overpass";

The export elementsToWaypoints was not found in module [project]/src/lib/algorithm/overpass-query.ts [app-client] (ecmascript).
Did you mean to import parsePathGeometries?
All exports of the module are statically known (It doesn't have dynamic exports). So it's known statically that the requested export doesn't exist.

Import traces:
  Client Component Browser:
    ./src/lib/algorithm/route-pipeline.ts [Client Component Browser]
    ./src/store/route-slice.ts [Client Component Browser]
    ./src/store/index.ts [Client Component Browser]
    ./src/components/MapView.tsx [Client Component Browser]
    ./src/components/MapView.tsx [Server Component]
    ./src/app/page.tsx [Server Component]

  Client Component SSR:
    ./src/lib/algorithm/route-pipeline.ts [Client Component SSR]
    ./src/store/route-slice.ts [Client Component SSR]
    ./src/store/index.ts [Client Component SSR]
    ./src/components/MapView.tsx [Client Component SSR]
    ./src/components/MapView.tsx [Server Component]
    ./src/app/page.tsx [Server Component] @ http://localhost:3000/_next/static/chunks/node_modules_next_dist_115brz8._.js:3272
[  299276ms] [ERROR] ./src/lib/algorithm/route-pipeline.ts:5:1
Export elementsToWaypoints doesn't exist in target module
  3 | ...rt type { ScoredWaypoint } from "./types";
  4 | ...rt { createCorridor } from "./corridor";
> 5 | ...rt { buildOverpassQuery, elementsToWaypoints } from "./overpass-que...
    |    ^^^^^^^^^^^^^^^^^^^^^^^^^^^^^^^^^^^^^^^^^^^^^^^^^^^^^^^^^^^^^^^^^^^^^^
  6 | ...rt { selectWaypoints } from "./waypoint-selection";
  7 | ...rt { orderWaypointsLinear } from "./waypoint-ordering";
  8 | ...rt { queryOverpass } from "@/lib/api/overpass";

The export elementsToWaypoints was not found in module [project]/src/lib/algorithm/overpass-query.ts [app-ssr] (ecmascript).
Did you mean to import parsePathGeometries?
All exports of the module are statically known (It doesn't have dynamic exports). So it's known statically that the requested export doesn't exist.

Import traces:
  Client Component Browser:
    ./src/lib/algorithm/route-pipeline.ts [Client Component Browser]
    ./src/store/route-slice.ts [Client Component Browser]
    ./src/store/index.ts [Client Component Browser]
    ./src/components/MapView.tsx [Client Component Browser]
    ./src/components/MapView.tsx [Server Component]
    ./src/app/page.tsx [Server Component]

  Client Component SSR:
    ./src/lib/algorithm/route-pipeline.ts [Client Component SSR]
    ./src/store/route-slice.ts [Client Component SSR]
    ./src/store/index.ts [Client Component SSR]
    ./src/components/MapView.tsx [Client Component SSR]
    ./src/components/MapView.tsx [Server Component]
    ./src/app/page.tsx [Server Component] @ http://localhost:3000/_next/static/chunks/node_modules_next_dist_115brz8._.js:3272
[  310570ms] [ERROR] WebSocket connection to 'ws://localhost:3000/_next/webpack-hmr?id=8RBoLSKcKIpba0sb2WF5q' failed: Error in connection establishment: net::ERR_CONNECTION_REFUSED @ http://localhost:3000/_next/static/chunks/node_modules_next_dist_client_0fhqo1d._.js:13299
[  311573ms] [ERROR] WebSocket connection to 'ws://localhost:3000/_next/webpack-hmr?id=8RBoLSKcKIpba0sb2WF5q' failed: Error in connection establishment: net::ERR_CONNECTION_REFUSED @ http://localhost:3000/_next/static/chunks/node_modules_next_dist_client_0fhqo1d._.js:13299
[  312575ms] [ERROR] WebSocket connection to 'ws://localhost:3000/_next/webpack-hmr?id=8RBoLSKcKIpba0sb2WF5q' failed: Error in connection establishment: net::ERR_CONNECTION_REFUSED @ http://localhost:3000/_next/static/chunks/node_modules_next_dist_client_0fhqo1d._.js:13299
[  313579ms] [ERROR] WebSocket connection to 'ws://localhost:3000/_next/webpack-hmr?id=8RBoLSKcKIpba0sb2WF5q' failed: Error in connection establishment: net::ERR_CONNECTION_REFUSED @ http://localhost:3000/_next/static/chunks/node_modules_next_dist_client_0fhqo1d._.js:13299
[  314581ms] [ERROR] WebSocket connection to 'ws://localhost:3000/_next/webpack-hmr?id=8RBoLSKcKIpba0sb2WF5q' failed: Error in connection establishment: net::ERR_CONNECTION_REFUSED @ http://localhost:3000/_next/static/chunks/node_modules_next_dist_client_0fhqo1d._.js:13299
[  319589ms] [ERROR] WebSocket connection to 'ws://localhost:3000/_next/webpack-hmr?id=8RBoLSKcKIpba0sb2WF5q' failed: Error in connection establishment: net::ERR_CONNECTION_REFUSED @ http://localhost:3000/_next/static/chunks/node_modules_next_dist_client_0fhqo1d._.js:13299
[  324599ms] [ERROR] WebSocket connection to 'ws://localhost:3000/_next/webpack-hmr?id=8RBoLSKcKIpba0sb2WF5q' failed: Error in connection establishment: net::ERR_CONNECTION_REFUSED @ http://localhost:3000/_next/static/chunks/node_modules_next_dist_client_0fhqo1d._.js:13299
[  329623ms] [ERROR] WebSocket connection to 'ws://localhost:3000/_next/webpack-hmr?id=8RBoLSKcKIpba0sb2WF5q' failed: Error in connection establishment: net::ERR_CONNECTION_REFUSED @ http://localhost:3000/_next/static/chunks/node_modules_next_dist_client_0fhqo1d._.js:13299
[  334656ms] [ERROR] WebSocket connection to 'ws://localhost:3000/_next/webpack-hmr?id=8RBoLSKcKIpba0sb2WF5q' failed: Error in connection establishment: net::ERR_CONNECTION_REFUSED @ http://localhost:3000/_next/static/chunks/node_modules_next_dist_client_0fhqo1d._.js:13299
[  339679ms] [ERROR] WebSocket connection to 'ws://localhost:3000/_next/webpack-hmr?id=8RBoLSKcKIpba0sb2WF5q' failed: Error in connection establishment: net::ERR_CONNECTION_REFUSED @ http://localhost:3000/_next/static/chunks/node_modules_next_dist_client_0fhqo1d._.js:13299
[  344731ms] [ERROR] WebSocket connection to 'ws://localhost:3000/_next/webpack-hmr?id=8RBoLSKcKIpba0sb2WF5q' failed: Error in connection establishment: net::ERR_CONNECTION_REFUSED @ http://localhost:3000/_next/static/chunks/node_modules_next_dist_client_0fhqo1d._.js:13299
[  349842ms] [ERROR] WebSocket connection to 'ws://localhost:3000/_next/webpack-hmr?id=8RBoLSKcKIpba0sb2WF5q' failed: Error in connection establishment: net::ERR_CONNECTION_REFUSED @ http://localhost:3000/_next/static/chunks/node_modules_next_dist_client_0fhqo1d._.js:13299
